# JRE version: OpenJDK Runtime Environment Temurin-21.0.9+10 (21.0.9+10) (build 21.0.9+10-LTS)
# Java VM: OpenJDK 64-Bit Server VM Temurin-21.0.9+10 (21.0.9+10-LTS, mixed mode, sharing, tiered, compressed oops, compressed class ptrs, parallel gc, windows-amd64)
GC Precious Log:
 CardTable entry size: 512
 CPUs: 8 total, 8 available
 Memory: 16136M
 Large Page Support: Disabled
 NUMA Support: Disabled
 Compressed Oops: Enabled (32-bit)
 Alignments: Space 512K, Generation 512K, Heap 2M
 Heap Min Capacity: 100M
 Heap Initial Capacity: 100M
 Heap Max Capacity: 2G
 Pre-touch: Disabled
 Parallel Workers: 8
Heap:
 PSYoungGen      total 10240K, used 7332K [0x00000000d5580000, 0x00000000d6480000, 0x0000000100000000)
  eden space 9216K, 70% used [0x00000000d5580000,0x00000000d5bd9210,0x00000000d5e80000)
  from space 1024K, 81% used [0x00000000d6380000,0x00000000d6450020,0x00000000d6480000)
  to   space 1536K, 0% used [0x00000000d6180000,0x00000000d6180000,0x00000000d6300000)
 ParOldGen       total 529920K, used 529691K [0x0000000080000000, 0x00000000a0580000, 0x00000000d5580000)
  object space 529920K, 99% used [0x0000000080000000,0x00000000a0546f90,0x00000000a0580000)
 Metaspace       used 73353K, committed 74880K, reserved 1179648K
  class space    used 7938K, committed 8640K, reserved 1048576K
GC Heap History (20 events):
Event: 91.046 GC heap before
{Heap before GC invocations=330 (full 3):
 PSYoungGen      total 10240K, used 9840K [0x00000000d5580000, 0x00000000d6300000, 0x0000000100000000)
  eden space 9216K, 100% used [0x00000000d5580000,0x00000000d5e80000,0x00000000d5e80000)
  from space 1024K, 60% used [0x00000000d6200000,0x00000000d629c030,0x00000000d6300000)
  to   space 2048K, 0% used [0x00000000d5f00000,0x00000000d5f00000,0x00000000d6100000)
 ParOldGen       total 517120K, used 516732K [0x0000000080000000, 0x000000009f900000, 0x00000000d5580000)
  object space 517120K, 99% used [0x0000000080000000,0x000000009f89f1d0,0x000000009f900000)
 Metaspace       used 72165K, committed 73664K, reserved 1179648K
  class space    used 7836K, committed 8512K, reserved 1048576K
}
Event: 91.053 GC heap after
{Heap after GC invocations=330 (full 3):
 PSYoungGen      total 11264K, used 2032K [0x00000000d5580000, 0x00000000d6880000, 0x0000000100000000)
  eden space 9216K, 0% used [0x00000000d5580000,0x00000000d5580000,0x00000000d5e80000)
  from space 2048K, 99% used [0x00000000d5f00000,0x00000000d60fc2f0,0x00000000d6100000)
  to   space 5120K, 0% used [0x00000000d6380000,0x00000000d6380000,0x00000000d6880000)
 ParOldGen       total 519168K, used 519052K [0x0000000080000000, 0x000000009fb00000, 0x00000000d5580000)
  object space 519168K, 99% used [0x0000000080000000,0x000000009fae31f0,0x000000009fb00000)
 Metaspace       used 72165K, committed 73664K, reserved 1179648K
  class space    used 7836K, committed 8512K, reserved 1048576K
}
Event: 91.202 GC heap before
{Heap before GC invocations=331 (full 3):
 PSYoungGen      total 11264K, used 11248K [0x00000000d5580000, 0x00000000d6880000, 0x0000000100000000)
  eden space 9216K, 100% used [0x00000000d5580000,0x00000000d5e80000,0x00000000d5e80000)
  from space 2048K, 99% used [0x00000000d5f00000,0x00000000d60fc2f0,0x00000000d6100000)
  to   space 5120K, 0% used [0x00000000d6380000,0x00000000d6380000,0x00000000d6880000)
 ParOldGen       total 519168K, used 519052K [0x0000000080000000, 0x000000009fb00000, 0x00000000d5580000)
  object space 519168K, 99% used [0x0000000080000000,0x000000009fae31f0,0x000000009fb00000)
 Metaspace       used 72207K, committed 73792K, reserved 1179648K
  class space    used 7838K, committed 8512K, reserved 1048576K
}
Event: 91.212 GC heap after
{Heap after GC invocations=331 (full 3):
 PSYoungGen      total 13312K, used 4080K [0x00000000d5580000, 0x00000000d6780000, 0x0000000100000000)
  eden space 9216K, 0% used [0x00000000d5580000,0x00000000d5580000,0x00000000d5e80000)
  from space 4096K, 99% used [0x00000000d6380000,0x00000000d677c2f0,0x00000000d6780000)
  to   space 4608K, 0% used [0x00000000d5e80000,0x00000000d5e80000,0x00000000d6300000)
 ParOldGen       total 519680K, used 519451K [0x0000000080000000, 0x000000009fb80000, 0x00000000d5580000)
  object space 519680K, 99% used [0x0000000080000000,0x000000009fb46c40,0x000000009fb80000)
 Metaspace       used 72207K, committed 73792K, reserved 1179648K
  class space    used 7838K, committed 8512K, reserved 1048576K
}
Event: 94.268 GC heap before
{Heap before GC invocations=332 (full 3):
 PSYoungGen      total 13312K, used 13296K [0x00000000d5580000, 0x00000000d6780000, 0x0000000100000000)
  eden space 9216K, 100% used [0x00000000d5580000,0x00000000d5e80000,0x00000000d5e80000)
  from space 4096K, 99% used [0x00000000d6380000,0x00000000d677c2f0,0x00000000d6780000)
  to   space 4608K, 0% used [0x00000000d5e80000,0x00000000d5e80000,0x00000000d6300000)
 ParOldGen       total 519680K, used 519451K [0x0000000080000000, 0x000000009fb80000, 0x00000000d5580000)
  object space 519680K, 99% used [0x0000000080000000,0x000000009fb46c40,0x000000009fb80000)
 Metaspace       used 72225K, committed 73792K, reserved 1179648K
  class space    used 7838K, committed 8512K, reserved 1048576K
}
Event: 94.273 GC heap after
{Heap after GC invocations=332 (full 3):
 PSYoungGen      total 13312K, used 3856K [0x00000000d5580000, 0x00000000d6680000, 0x0000000100000000)
  eden space 9216K, 0% used [0x00000000d5580000,0x00000000d5580000,0x00000000d5e80000)
  from space 4096K, 94% used [0x00000000d5e80000,0x00000000d62442f0,0x00000000d6280000)
  to   space 4096K, 0% used [0x00000000d6280000,0x00000000d6280000,0x00000000d6680000)
 ParOldGen       total 519680K, used 519483K [0x0000000080000000, 0x000000009fb80000, 0x00000000d5580000)
  object space 519680K, 99% used [0x0000000080000000,0x000000009fb4ec40,0x000000009fb80000)
 Metaspace       used 72225K, committed 73792K, reserved 1179648K
  class space    used 7838K, committed 8512K, reserved 1048576K
}
Event: 94.349 GC heap before
{Heap before GC invocations=333 (full 3):
 PSYoungGen      total 13312K, used 13072K [0x00000000d5580000, 0x00000000d6680000, 0x0000000100000000)
  eden space 9216K, 99% used [0x00000000d5580000,0x00000000d5e7ffb8,0x00000000d5e80000)
  from space 4096K, 94% used [0x00000000d5e80000,0x00000000d62442f0,0x00000000d6280000)
  to   space 4096K, 0% used [0x00000000d6280000,0x00000000d6280000,0x00000000d6680000)
 ParOldGen       total 519680K, used 519483K [0x0000000080000000, 0x000000009fb80000, 0x00000000d5580000)
  object space 519680K, 99% used [0x0000000080000000,0x000000009fb4ec40,0x000000009fb80000)
 Metaspace       used 72227K, committed 73792K, reserved 1179648K
  class space    used 7838K, committed 8512K, reserved 1048576K
}
Event: 94.353 GC heap after
{Heap after GC invocations=333 (full 3):
 PSYoungGen      total 10752K, used 1264K [0x00000000d5580000, 0x00000000d6400000, 0x0000000100000000)
  eden space 9216K, 0% used [0x00000000d5580000,0x00000000d5580000,0x00000000d5e80000)
  from space 1536K, 82% used [0x00000000d6280000,0x00000000d63bc2f0,0x00000000d6400000)
  to   space 2560K, 0% used [0x00000000d5f00000,0x00000000d5f00000,0x00000000d6180000)
 ParOldGen       total 519680K, used 519499K [0x0000000080000000, 0x000000009fb80000, 0x00000000d5580000)
  object space 519680K, 99% used [0x0000000080000000,0x000000009fb52c40,0x000000009fb80000)
 Metaspace       used 72227K, committed 73792K, reserved 1179648K
  class space    used 7838K, committed 8512K, reserved 1048576K
}
Event: 95.704 GC heap before
{Heap before GC invocations=334 (full 3):
 PSYoungGen      total 10752K, used 10480K [0x00000000d5580000, 0x00000000d6400000, 0x0000000100000000)
  eden space 9216K, 100% used [0x00000000d5580000,0x00000000d5e80000,0x00000000d5e80000)
  from space 1536K, 82% used [0x00000000d6280000,0x00000000d63bc2f0,0x00000000d6400000)
  to   space 2560K, 0% used [0x00000000d5f00000,0x00000000d5f00000,0x00000000d6180000)
 ParOldGen       total 519680K, used 519499K [0x0000000080000000, 0x000000009fb80000, 0x00000000d5580000)
  object space 519680K, 99% used [0x0000000080000000,0x000000009fb52c40,0x000000009fb80000)
 Metaspace       used 72412K, committed 73984K, reserved 1179648K
  class space    used 7854K, committed 8576K, reserved 1048576K
}
Event: 95.707 GC heap after
{Heap after GC invocations=334 (full 3):
 PSYoungGen      total 11776K, used 256K [0x00000000d5580000, 0x00000000d6300000, 0x0000000100000000)
  eden space 9216K, 0% used [0x00000000d5580000,0x00000000d5580000,0x00000000d5e80000)
  from space 2560K, 10% used [0x00000000d5f00000,0x00000000d5f40000,0x00000000d6180000)
  to   space 1024K, 0% used [0x00000000d6200000,0x00000000d6200000,0x00000000d6300000)
 ParOldGen       total 519680K, used 519507K [0x0000000080000000, 0x000000009fb80000, 0x00000000d5580000)
  object space 519680K, 99% used [0x0000000080000000,0x000000009fb54c40,0x000000009fb80000)
 Metaspace       used 72412K, committed 73984K, reserved 1179648K
  class space    used 7854K, committed 8576K, reserved 1048576K
}
Event: 104.802 GC heap before
{Heap before GC invocations=335 (full 3):
 PSYoungGen      total 11776K, used 9472K [0x00000000d5580000, 0x00000000d6300000, 0x0000000100000000)
  eden space 9216K, 100% used [0x00000000d5580000,0x00000000d5e80000,0x00000000d5e80000)
  from space 2560K, 10% used [0x00000000d5f00000,0x00000000d5f40000,0x00000000d6180000)
  to   space 1024K, 0% used [0x00000000d6200000,0x00000000d6200000,0x00000000d6300000)
 ParOldGen       total 519680K, used 519507K [0x0000000080000000, 0x000000009fb80000, 0x00000000d5580000)
  object space 519680K, 99% used [0x0000000080000000,0x000000009fb54c40,0x000000009fb80000)
 Metaspace       used 72838K, committed 74496K, reserved 1179648K
  class space    used 7902K, committed 8640K, reserved 1048576K
}
Event: 104.805 GC heap after
{Heap after GC invocations=335 (full 3):
 PSYoungGen      total 9728K, used 320K [0x00000000d5580000, 0x00000000d6280000, 0x0000000100000000)
  eden space 9216K, 0% used [0x00000000d5580000,0x00000000d5580000,0x00000000d5e80000)
  from space 512K, 62% used [0x00000000d6200000,0x00000000d6250000,0x00000000d6280000)
  to   space 512K, 0% used [0x00000000d6180000,0x00000000d6180000,0x00000000d6200000)
 ParOldGen       total 519680K, used 519555K [0x0000000080000000, 0x000000009fb80000, 0x00000000d5580000)
  object space 519680K, 99% used [0x0000000080000000,0x000000009fb60c40,0x000000009fb80000)
 Metaspace       used 72838K, committed 74496K, reserved 1179648K
  class space    used 7902K, committed 8640K, reserved 1048576K
}
Event: 105.012 GC heap before
{Heap before GC invocations=336 (full 3):
 PSYoungGen      total 9728K, used 9536K [0x00000000d5580000, 0x00000000d6280000, 0x0000000100000000)
  eden space 9216K, 100% used [0x00000000d5580000,0x00000000d5e80000,0x00000000d5e80000)
  from space 512K, 62% used [0x00000000d6200000,0x00000000d6250000,0x00000000d6280000)
  to   space 512K, 0% used [0x00000000d6180000,0x00000000d6180000,0x00000000d6200000)
 ParOldGen       total 519680K, used 519555K [0x0000000080000000, 0x000000009fb80000, 0x00000000d5580000)
  object space 519680K, 99% used [0x0000000080000000,0x000000009fb60c40,0x000000009fb80000)
 Metaspace       used 72997K, committed 74624K, reserved 1179648K
  class space    used 7909K, committed 8640K, reserved 1048576K
}
Event: 105.022 GC heap after
{Heap after GC invocations=336 (full 3):
 PSYoungGen      total 9728K, used 500K [0x00000000d5580000, 0x00000000d6c80000, 0x0000000100000000)
  eden space 9216K, 0% used [0x00000000d5580000,0x00000000d5580000,0x00000000d5e80000)
  from space 512K, 97% used [0x00000000d6180000,0x00000000d61fd2e0,0x00000000d6200000)
  to   space 7168K, 0% used [0x00000000d6580000,0x00000000d6580000,0x00000000d6c80000)
 ParOldGen       total 525312K, used 525132K [0x0000000080000000, 0x00000000a0100000, 0x00000000d5580000)
  object space 525312K, 99% used [0x0000000080000000,0x00000000a00d33c0,0x00000000a0100000)
 Metaspace       used 72997K, committed 74624K, reserved 1179648K
  class space    used 7909K, committed 8640K, reserved 1048576K
}
Event: 105.501 GC heap before
{Heap before GC invocations=337 (full 3):
 PSYoungGen      total 9728K, used 9716K [0x00000000d5580000, 0x00000000d6c80000, 0x0000000100000000)
  eden space 9216K, 100% used [0x00000000d5580000,0x00000000d5e80000,0x00000000d5e80000)
  from space 512K, 97% used [0x00000000d6180000,0x00000000d61fd2e0,0x00000000d6200000)
  to   space 7168K, 0% used [0x00000000d6580000,0x00000000d6580000,0x00000000d6c80000)
 ParOldGen       total 525312K, used 525132K [0x0000000080000000, 0x00000000a0100000, 0x00000000d5580000)
  object space 525312K, 99% used [0x0000000080000000,0x00000000a00d33c0,0x00000000a0100000)
 Metaspace       used 73133K, committed 74752K, reserved 1179648K
  class space    used 7931K, committed 8640K, reserved 1048576K
}
Event: 105.513 GC heap after
{Heap after GC invocations=337 (full 3):
 PSYoungGen      total 13312K, used 3952K [0x00000000d5580000, 0x00000000d6980000, 0x0000000100000000)
  eden space 9216K, 0% used [0x00000000d5580000,0x00000000d5580000,0x00000000d5e80000)
  from space 4096K, 96% used [0x00000000d6580000,0x00000000d695c300,0x00000000d6980000)
  to   space 5120K, 0% used [0x00000000d5f80000,0x00000000d5f80000,0x00000000d6480000)
 ParOldGen       total 525824K, used 525412K [0x0000000080000000, 0x00000000a0180000, 0x00000000d5580000)
  object space 525824K, 99% used [0x0000000080000000,0x00000000a01193c0,0x00000000a0180000)
 Metaspace       used 73133K, committed 74752K, reserved 1179648K
  class space    used 7931K, committed 8640K, reserved 1048576K
}
Event: 105.830 GC heap before
{Heap before GC invocations=338 (full 3):
 PSYoungGen      total 13312K, used 13168K [0x00000000d5580000, 0x00000000d6980000, 0x0000000100000000)
  eden space 9216K, 99% used [0x00000000d5580000,0x00000000d5e7ffd8,0x00000000d5e80000)
  from space 4096K, 96% used [0x00000000d6580000,0x00000000d695c300,0x00000000d6980000)
  to   space 5120K, 0% used [0x00000000d5f80000,0x00000000d5f80000,0x00000000d6480000)
 ParOldGen       total 525824K, used 525412K [0x0000000080000000, 0x00000000a0180000, 0x00000000d5580000)
  object space 525824K, 99% used [0x0000000080000000,0x00000000a01193c0,0x00000000a0180000)
 Metaspace       used 73146K, committed 74752K, reserved 1179648K
  class space    used 7932K, committed 8640K, reserved 1048576K
}
Event: 105.841 GC heap after
{Heap after GC invocations=338 (full 3):
 PSYoungGen      total 10752K, used 1488K [0x00000000d5580000, 0x00000000d6600000, 0x0000000100000000)
  eden space 9216K, 0% used [0x00000000d5580000,0x00000000d5580000,0x00000000d5e80000)
  from space 1536K, 96% used [0x00000000d5f80000,0x00000000d60f42f0,0x00000000d6100000)
  to   space 2560K, 0% used [0x00000000d6380000,0x00000000d6380000,0x00000000d6600000)
 ParOldGen       total 529408K, used 528959K [0x0000000080000000, 0x00000000a0500000, 0x00000000d5580000)
  object space 529408K, 99% used [0x0000000080000000,0x00000000a048fc20,0x00000000a0500000)
 Metaspace       used 73146K, committed 74752K, reserved 1179648K
  class space    used 7932K, committed 8640K, reserved 1048576K
}
Event: 108.597 GC heap before
{Heap before GC invocations=339 (full 3):
 PSYoungGen      total 10752K, used 10704K [0x00000000d5580000, 0x00000000d6600000, 0x0000000100000000)
  eden space 9216K, 100% used [0x00000000d5580000,0x00000000d5e80000,0x00000000d5e80000)
  from space 1536K, 96% used [0x00000000d5f80000,0x00000000d60f42f0,0x00000000d6100000)
  to   space 2560K, 0% used [0x00000000d6380000,0x00000000d6380000,0x00000000d6600000)
 ParOldGen       total 529408K, used 528959K [0x0000000080000000, 0x00000000a0500000, 0x00000000d5580000)
  object space 529408K, 99% used [0x0000000080000000,0x00000000a048fc20,0x00000000a0500000)
 Metaspace       used 73295K, committed 74880K, reserved 1179648K
  class space    used 7937K, committed 8640K, reserved 1048576K
}
Event: 108.603 GC heap after
{Heap after GC invocations=339 (full 3):
 PSYoungGen      total 10240K, used 832K [0x00000000d5580000, 0x00000000d6480000, 0x0000000100000000)
  eden space 9216K, 0% used [0x00000000d5580000,0x00000000d5580000,0x00000000d5e80000)
  from space 1024K, 81% used [0x00000000d6380000,0x00000000d6450020,0x00000000d6480000)
  to   space 1536K, 0% used [0x00000000d6180000,0x00000000d6180000,0x00000000d6300000)
 ParOldGen       total 529920K, used 529691K [0x0000000080000000, 0x00000000a0580000, 0x00000000d5580000)
  object space 529920K, 99% used [0x0000000080000000,0x00000000a0546f90,0x00000000a0580000)
 Metaspace       used 73295K, committed 74880K, reserved 1179648K
  class space    used 7937K, committed 8640K, reserved 1048576K
}

